2025-09-28 20:46:10,479 - src.menubar.menu_app.menubar - ✅ INFO - __init__:46 - Database initialized for menu bar app
2025-09-28 20:46:10,515 - src.menubar.menu_app.menubar - ✅ INFO - __init__:56 - Menu bar app initialized
2025-09-28 20:46:19,727 - src.menubar.menu_app.menubar - ℹ️ INFO - quit_app:416 - Menu bar app quitting
2025-09-28 20:46:54,251 - src.menubar.menu_app.menubar - ✅ INFO - __init__:46 - Database initialized for menu bar app
2025-09-28 20:46:54,285 - src.menubar.menu_app.menubar - ✅ INFO - __init__:56 - Menu bar app initialized
2025-09-28 20:47:07,282 - src.menubar.menu_app.menubar - ℹ️ INFO - open_gui:235 - GUI application launched with PID 4732
2025-09-28 20:56:03,562 - src.menubar.menu_app.menubar - ℹ️ INFO - open_gui:235 - GUI application launched with PID 4929
2025-09-28 20:56:44,035 - src.menubar.menu_app.menubar - ℹ️ INFO - open_gui:235 - GUI application launched with PID 4933
2025-09-28 20:58:33,277 - src.menubar.menu_app.menubar - ✅ INFO - __init__:46 - Database initialized for menu bar app
2025-09-28 20:58:33,308 - src.menubar.menu_app.menubar - ✅ INFO - __init__:56 - Menu bar app initialized
2025-09-28 20:58:44,510 - src.menubar.menu_app.menubar - ℹ️ INFO - update:281 - Starting data update from menu bar
2025-09-28 21:01:08,193 - src.menubar.menu_app.menubar - ✅ INFO - update:295 - Update completed successfully: Updated 500 stocks
2025-09-28 21:01:08,194 - src.menubar.menu_app.menubar - ℹ️ INFO - save_last_update_time:445 - Menu bar: Saved last update time: 2025-09-28 21:01:08
2025-09-28 21:03:28,730 - src.menubar.menu_app.menubar - ℹ️ INFO - open_gui:235 - GUI application launched with PID 1153
2025-09-28 21:09:05,834 - src.menubar.menu_app.menubar - ℹ️ INFO - open_gui:235 - GUI application launched with PID 1221
2025-09-28 21:14:39,331 - src.menubar.menu_app.menubar - ✅ INFO - __init__:46 - Database initialized for menu bar app
2025-09-28 21:14:39,381 - src.menubar.menu_app.menubar - ✅ INFO - __init__:56 - Menu bar app initialized
2025-09-28 21:15:26,595 - src.menubar.menu_app.menubar - ✅ INFO - __init__:46 - Database initialized for menu bar app
2025-09-28 21:15:26,628 - src.menubar.menu_app.menubar - ✅ INFO - __init__:56 - Menu bar app initialized
2025-09-28 21:15:29,869 - src.menubar.menu_app.menubar - ℹ️ INFO - quit_app:416 - Menu bar app quitting
2025-09-28 21:15:31,706 - src.menubar.menu_app.menubar - ℹ️ INFO - quit_app:416 - Menu bar app quitting
2025-09-28 21:15:39,401 - src.menubar.menu_app.menubar - ✅ INFO - __init__:46 - Database initialized for menu bar app
2025-09-28 21:15:39,433 - src.menubar.menu_app.menubar - ✅ INFO - __init__:56 - Menu bar app initialized
2025-09-28 21:20:17,552 - src.menubar.menu_app.menubar - ✅ INFO - __init__:47 - Database initialized for menu bar app
2025-09-28 21:20:17,584 - src.menubar.menu_app.menubar - ✅ INFO - __init__:57 - Menu bar app initialized
2025-09-28 21:21:04,871 - src.menubar.menu_app.menubar - ℹ️ INFO - quit_app:417 - Menu bar app quitting
2025-09-28 21:21:06,888 - src.menubar.menu_app.menubar - ✅ INFO - __init__:50 - Database initialized for menu bar app
2025-09-28 21:21:06,923 - src.menubar.menu_app.menubar - ✅ INFO - __init__:60 - Menu bar app initialized
2025-09-28 21:22:30,238 - src.menubar.menu_app.menubar - ℹ️ INFO - quit_app:420 - Menu bar app quitting
2025-09-28 21:22:33,695 - src.menubar.menu_app.menubar - ✅ INFO - __init__:50 - Database initialized for menu bar app
2025-09-28 21:22:33,731 - src.menubar.menu_app.menubar - ✅ INFO - __init__:60 - Menu bar app initialized
2025-09-28 21:24:10,123 - src.menubar.menu_app.menubar - ✅ INFO - __init__:50 - Database initialized for menu bar app
2025-09-28 21:24:10,159 - src.menubar.menu_app.menubar - ✅ INFO - __init__:60 - Menu bar app initialized
2025-09-28 21:24:21,917 - src.menubar.menu_app.menubar - ℹ️ INFO - quit_app:420 - Menu bar app quitting
2025-09-28 21:24:28,171 - src.menubar.menu_app.menubar - ✅ INFO - __init__:50 - Database initialized for menu bar app
2025-09-28 21:24:28,202 - src.menubar.menu_app.menubar - ✅ INFO - __init__:60 - Menu bar app initialized
2025-09-28 21:24:31,593 - src.menubar.menu_app.menubar - ℹ️ INFO - quit_app:420 - Menu bar app quitting
2025-09-28 21:25:08,862 - src.menubar.menu_app.menubar - ✅ INFO - __init__:50 - Database initialized for menu bar app
2025-09-28 21:25:08,899 - src.menubar.menu_app.menubar - ✅ INFO - __init__:60 - Menu bar app initialized
2025-09-28 21:27:07,868 - src.menubar.menu_app.menubar - ✅ INFO - __init__:50 - Database initialized for menu bar app
2025-09-28 21:27:07,902 - src.menubar.menu_app.menubar - ✅ INFO - __init__:60 - Menu bar app initialized
